<?xml version="1.0" encoding="UTF-8"?>
<testsuite xmlns:xsi="http://www.w3.org/2001/XMLSchema-instance" xsi:noNamespaceSchemaLocation="https://maven.apache.org/surefire/maven-surefire-plugin/xsd/surefire-test-report.xsd" name="com.epam.rd.autotasks.collections.map.ComplianceTest" time="3.073" tests="5" errors="0" skipped="0" failures="3">
  <properties>
[...]
</properties>
  <testcase name="testComplianceFori" classname="com.epam.rd.autotasks.collections.map.ComplianceTest" time="0.151">
    <failure message="Only foreach and while loops are allowed in this project but was: [for (int i = 0; i &lt; array.length; i++) {&#10;    if (array[i] == biggestValue) {&#10;        if (firstIndexValue == (-1)) {&#10;            firstIndexValue = i;&#10;        }&#10;        lastIndexValue = i;&#10;    }&#10;}, for (int i = 0; i &lt; n; i++) {&#10;    for (int j = 0; j &lt; n; j++) {&#10;        if (j &lt; i) {&#10;            matrix[i][j] = 0;&#10;        } else if (j &gt; i) {&#10;            matrix[i][j] = 1;&#10;        }&#10;    }&#10;}, for (int j = 0; j &lt; n; j++) {&#10;    if (j &lt; i) {&#10;        matrix[i][j] = 0;&#10;    } else if (j &gt; i) {&#10;        matrix[i][j] = 1;&#10;    }&#10;}, for (int i = 0; i &lt; (length / 2); i++) {&#10;    int j = (length - 1) - i;&#10;    if (((array[i] % 2) == 0) &amp;&amp; ((array[j] % 2) == 0)) {&#10;        int temp = array[i];&#10;        array[i] = array[j];&#10;        array[j] = temp;&#10;    }&#10;}, for (int i = 1; i &lt; array.length; i++) {&#10;    if (order == com.epam.training.student_viktor_tovarnykh.classes.main_task2.SortOrder.ASC) {&#10;        if (array[i] &lt; array[i - 1]) {&#10;            return false;&#10;        }&#10;    } else if (order == com.epam.training.student_viktor_tovarnykh.classes.main_task2.SortOrder.DESC) {&#10;        if (array[i] &gt; array[i - 1]) {&#10;            return false;&#10;        }&#10;    }&#10;}, for (int i = 0; i &lt; array.length; i++) {&#10;    transformedArray[i] = array[i] + i;&#10;}, for (int i = 0; i &lt; n; i++) {&#10;    java.lang.System.out.printf(com.epam.training.student_viktor_tovarnykh.classes.main_task2.Main.MESSAGE_INPUT_ARRAY_ELEMENT, i);&#10;    array[i] = com.epam.training.student_viktor_tovarnykh.classes.main_task2.Main.input.nextInt();&#10;}, for (int i = 0; i &lt; n; i++) {&#10;    result = result * current;&#10;    current = current + t;&#10;}, for (int i = 0; i &lt; n; i++) {&#10;    java.lang.System.out.printf(com.epam.training.student_viktor_tovarnykh.classes.main_task3.Main.MESSAGE_INPUT_ARRAY_ELEMENT, i);&#10;    array[i] = com.epam.training.student_viktor_tovarnykh.classes.main_task3.Main.input.nextInt();&#10;}, for (int i = 0; i &lt; n; i++) {&#10;    java.lang.System.out.printf(com.epam.training.student_viktor_tovarnykh.classes.main_task4.Main.MESSAGE_INPUT_ARRAY_ELEMENT, i);&#10;    array[i] = com.epam.training.student_viktor_tovarnykh.classes.main_task4.Main.input.nextInt();&#10;}, for (int i = 0; i &lt; rectangleArray.length; i++) {&#10;    if (rectangleArray[i] == null) {&#10;        rectangleArray[i] = new com.epam.training.student_viktor_tovarnykh.classes.main_task5.Rectangle();&#10;        return true;&#10;    }&#10;}, for (int i = 0; i &lt; rectangleArray.length; i++) {&#10;    if (rectangleArray[i].area() == max) {&#10;        maxInd = i;&#10;        break;&#10;    }&#10;}, for (int j = 1; j &lt; rectangleArray.length; j++) {&#10;    if (rectangleArray[j].perimeter() &lt; min) {&#10;        min = rectangleArray[j].perimeter();&#10;    }&#10;}, for (int i = 0; i &lt; rectangleArray.length; i++) {&#10;    if (rectangleArray[i].perimeter() == min) {&#10;        minInd = i;&#10;        break;&#10;    }&#10;}, for (int i = 1; i &lt; array.length; i++) {&#10;    if (order == com.epam.training.student_viktor_tovarnykh.classes.main_task.SortOrder.ASC) {&#10;        if (array[i] &lt; array[i - 1]) {&#10;            return false;&#10;        }&#10;    } else if (order == com.epam.training.student_viktor_tovarnykh.classes.main_task.SortOrder.DESC) {&#10;        if (array[i] &gt; array[i - 1]) {&#10;            return false;&#10;        }&#10;    }&#10;}, for (int i = 0; i &lt; n; i++) {&#10;    java.lang.System.out.printf(com.epam.training.student_viktor_tovarnykh.classes.main_task.Main.MESSAGE_INPUT_ARRAY_ELEMENT, i);&#10;    array[i] = com.epam.training.student_viktor_tovarnykh.classes.main_task.Main.input.nextInt();&#10;}, for (int i = 0; i &lt; size; i++) {&#10;    if (elements[i].equals(el)) {&#10;        java.lang.Object removed = elements[i];&#10;        java.lang.System.arraycopy(elements, i + 1, elements, i, (size - i) - 1);&#10;        elements[size - 1] = null;&#10;        size--;&#10;        return java.util.Optional.of(removed);&#10;    }&#10;}, for (int i = 0; i &lt; size; i++) {&#10;    stringBuilder.append(elements[i]);&#10;    if (i &lt; (size - 1)) {&#10;        stringBuilder.append(&quot;, &quot;);&#10;    }&#10;}, for (int i = 0; i &lt; index; i++) {&#10;    if (current == null) {&#10;        return null;&#10;    }&#10;    current = current.next;&#10;}, for (int i = 0; i &lt; projectEntries.size(); i++) {&#10;    for (int j = 0; j &lt; teamEntries.size(); j++) {&#10;        if (projectEntries.get(i).equals(teamEntries.get(j))) {&#10;            projectEntries.remove(projectEntries.get(i));&#10;            teamEntries.remove(teamEntries.get(j));&#10;            i = 0;&#10;            j = -1;&#10;        }&#10;    }&#10;}, for (int j = 0; j &lt; teamEntries.size(); j++) {&#10;    if (projectEntries.get(i).equals(teamEntries.get(j))) {&#10;        projectEntries.remove(projectEntries.get(i));&#10;        teamEntries.remove(teamEntries.get(j));&#10;        i = 0;&#10;        j = -1;&#10;    }&#10;}, for (int i = 0; i &lt; (values.length - 1); i++) {&#10;    if (values[i].length != values[i + 1].length) {&#10;        throw new com.epam.training.student_viktor_tovarnykh.exceptions.main_task.MatrixException(&quot;Bad size of matrix&quot;);&#10;    }&#10;}, for (int r = 0; r &lt; addMatrix.getRows(); r++) {&#10;    for (int l = 0; l &lt; addMatrix.getColumns(); l++) {&#10;        addMatrix.set(r, l, this.get(r, l) + other.get(r, l));&#10;    }&#10;}, for (int l = 0; l &lt; addMatrix.getColumns(); l++) {&#10;    addMatrix.set(r, l, this.get(r, l) + other.get(r, l));&#10;}, for (int r = 0; r &lt; subtractMatrix.getRows(); r++) {&#10;    for (int l = 0; l &lt; subtractMatrix.getColumns(); l++) {&#10;        subtractMatrix.set(r, l, this.get(r, l) - other.get(r, l));&#10;    }&#10;}, for (int l = 0; l &lt; subtractMatrix.getColumns(); l++) {&#10;    subtractMatrix.set(r, l, this.get(r, l) - other.get(r, l));&#10;}, for (int i = 0; i &lt; this.getRows(); i++) {&#10;    for (int j = 0; j &lt; other.getColumns(); j++) {&#10;        for (int k = 0; k &lt; other.getRows(); k++) {&#10;            tempArray[i][j] += this.values[i][k] * other.get(k, j);&#10;        }&#10;    }&#10;}, for (int j = 0; j &lt; other.getColumns(); j++) {&#10;    for (int k = 0; k &lt; other.getRows(); k++) {&#10;        tempArray[i][j] += this.values[i][k] * other.get(k, j);&#10;    }&#10;}, for (int k = 0; k &lt; other.getRows(); k++) {&#10;    tempArray[i][j] += this.values[i][k] * other.get(k, j);&#10;}, for (int i = 0; i &lt; deposits.length; i++) {&#10;    if (deposits[i] == null) {&#10;        deposits[i] = deposit;&#10;        return true;&#10;    }&#10;}, for (int i = 0; i &lt; deposits.length; i++) {&#10;    if (deposits[i] != null) {&#10;        if (deposits[i].income().compareTo(myIncome) &gt; 0) {&#10;            myIncome = deposits[i].income();&#10;        }&#10;    }&#10;}, for (int i = 0; i &lt; deposits.length; i++) {&#10;    if (deposits[i] != null) {&#10;        if (i == number) {&#10;            result = deposits[i].income();&#10;        }&#10;    }&#10;}, for (int i = 0; i &lt; deposits.length; i++) {&#10;    if (deposits[i] != null) {&#10;        counter++;&#10;    } else {&#10;        break;&#10;    }&#10;}, for (int i = 0; i &lt; tempArr.length; i++) {&#10;    tempArr[i] = deposits[i];&#10;}, for (int i = 0; i &lt; (tempArr.length - 1); i++) {&#10;    if (tempArr[i].totalIncome().compareTo(tempArr[i + 1].totalIncome()) == (-1)) {&#10;        dep = tempArr[i];&#10;        tempArr[i] = tempArr[i + 1];&#10;        tempArr[i + 1] = dep;&#10;        needIter = true;&#10;    } else {&#10;        continue;&#10;    }&#10;}, for (int i = 1; i &lt;= period; i++) {&#10;    if (i &lt;= 6) {&#10;        continue;&#10;    } else {&#10;        inc = inc.add(inc.multiply(java.math.BigDecimal.valueOf(0.15)));&#10;    }&#10;}, for (int i = 1; i &lt;= period; i++) {&#10;    p = i;&#10;    percent = p * 0.01;&#10;    inc = inc.add(inc.multiply(java.math.BigDecimal.valueOf(percent)));&#10;}, for (int i = 1; i &lt;= period; i++) {&#10;    java.math.BigDecimal p = new java.math.BigDecimal(&quot;1.05&quot;);&#10;    currentAmount = amount.multiply(p.pow(period));&#10;}, for (int i = 0; i &lt; deposits.length; i++) {&#10;    if (deposits[i] == null) {&#10;        deposits[i] = deposit;&#10;        return true;&#10;    }&#10;}, for (int i = 0; i &lt; deposits.length; i++) {&#10;    if (deposits[i] != null) {&#10;        if (deposits[i].income().compareTo(myIncome) &gt; 0) {&#10;            myIncome = deposits[i].income();&#10;        }&#10;    }&#10;}, for (int i = 0; i &lt; deposits.length; i++) {&#10;    if (deposits[i] != null) {&#10;        if (i == number) {&#10;            result = deposits[i].income();&#10;        }&#10;    }&#10;}, for (int i = 1; i &lt;= period; i++) {&#10;    if (i &lt;= 6) {&#10;        continue;&#10;    } else {&#10;        inc = inc.add(inc.multiply(java.math.BigDecimal.valueOf(0.15)));&#10;    }&#10;}, for (int i = 1; i &lt;= period; i++) {&#10;    p = i;&#10;    percent = p * 0.01;&#10;    inc = inc.add(inc.multiply(java.math.BigDecimal.valueOf(percent)));&#10;}, for (int i = 0; i &lt; n; i++) {&#10;    sum += previousNumber;&#10;    int nextNumber = previousNumber + currentNumber;&#10;    previousNumber = currentNumber;&#10;    currentNumber = nextNumber;&#10;}, for (int j = 0; j &lt; numberOfEmail; j++) {&#10;    output[i++] = emails[j];&#10;}, for (int j = 0; j &lt; numberOfSocials; j++) {&#10;    output[i++] = socialMedias[j];&#10;}] ==&gt; expected: &lt;true&gt; but was: &lt;false&gt;" type="org.opentest4j.AssertionFailedError"><![CDATA[org.opentest4j.AssertionFailedError: 
Only foreach and while loops are allowed in this project but was: [for (int i = 0; i < array.length; i++) {
    if (array[i] == biggestValue) {
        if (firstIndexValue == (-1)) {
            firstIndexValue = i;
        }
        lastIndexValue = i;
    }
}, for (int i = 0; i < n; i++) {
    for (int j = 0; j < n; j++) {
        if (j < i) {
            matrix[i][j] = 0;
        } else if (j > i) {
            matrix[i][j] = 1;
        }
    }
}, for (int j = 0; j < n; j++) {
    if (j < i) {
        matrix[i][j] = 0;
    } else if (j > i) {
        matrix[i][j] = 1;
    }
}, for (int i = 0; i < (length / 2); i++) {
    int j = (length - 1) - i;
    if (((array[i] % 2) == 0) && ((array[j] % 2) == 0)) {
        int temp = array[i];
        array[i] = array[j];
        array[j] = temp;
    }
}, for (int i = 1; i < array.length; i++) {
    if (order == com.epam.training.student_viktor_tovarnykh.classes.main_task2.SortOrder.ASC) {
        if (array[i] < array[i - 1]) {
            return false;
        }
    } else if (order == com.epam.training.student_viktor_tovarnykh.classes.main_task2.SortOrder.DESC) {
        if (array[i] > array[i - 1]) {
            return false;
        }
    }
}, for (int i = 0; i < array.length; i++) {
    transformedArray[i] = array[i] + i;
}, for (int i = 0; i < n; i++) {
    java.lang.System.out.printf(com.epam.training.student_viktor_tovarnykh.classes.main_task2.Main.MESSAGE_INPUT_ARRAY_ELEMENT, i);
    array[i] = com.epam.training.student_viktor_tovarnykh.classes.main_task2.Main.input.nextInt();
}, for (int i = 0; i < n; i++) {
    result = result * current;
    current = current + t;
}, for (int i = 0; i < n; i++) {
    java.lang.System.out.printf(com.epam.training.student_viktor_tovarnykh.classes.main_task3.Main.MESSAGE_INPUT_ARRAY_ELEMENT, i);
    array[i] = com.epam.training.student_viktor_tovarnykh.classes.main_task3.Main.input.nextInt();
}, for (int i = 0; i < n; i++) {
    java.lang.System.out.printf(com.epam.training.student_viktor_tovarnykh.classes.main_task4.Main.MESSAGE_INPUT_ARRAY_ELEMENT, i);
    array[i] = com.epam.training.student_viktor_tovarnykh.classes.main_task4.Main.input.nextInt();
}, for (int i = 0; i < rectangleArray.length; i++) {
    if (rectangleArray[i] == null) {
        rectangleArray[i] = new com.epam.training.student_viktor_tovarnykh.classes.main_task5.Rectangle();
        return true;
    }
}, for (int i = 0; i < rectangleArray.length; i++) {
    if (rectangleArray[i].area() == max) {
        maxInd = i;
        break;
    }
}, for (int j = 1; j < rectangleArray.length; j++) {
    if (rectangleArray[j].perimeter() < min) {
        min = rectangleArray[j].perimeter();
    }
}, for (int i = 0; i < rectangleArray.length; i++) {
    if (rectangleArray[i].perimeter() == min) {
        minInd = i;
        break;
    }
}, for (int i = 1; i < array.length; i++) {
    if (order == com.epam.training.student_viktor_tovarnykh.classes.main_task.SortOrder.ASC) {
        if (array[i] < array[i - 1]) {
            return false;
        }
    } else if (order == com.epam.training.student_viktor_tovarnykh.classes.main_task.SortOrder.DESC) {
        if (array[i] > array[i - 1]) {
            return false;
        }
    }
}, for (int i = 0; i < n; i++) {
    java.lang.System.out.printf(com.epam.training.student_viktor_tovarnykh.classes.main_task.Main.MESSAGE_INPUT_ARRAY_ELEMENT, i);
    array[i] = com.epam.training.student_viktor_tovarnykh.classes.main_task.Main.input.nextInt();
}, for (int i = 0; i < size; i++) {
    if (elements[i].equals(el)) {
        java.lang.Object removed = elements[i];
        java.lang.System.arraycopy(elements, i + 1, elements, i, (size - i) - 1);
        elements[size - 1] = null;
        size--;
        return java.util.Optional.of(removed);
    }
}, for (int i = 0; i < size; i++) {
    stringBuilder.append(elements[i]);
    if (i < (size - 1)) {
        stringBuilder.append(", ");
    }
}, for (int i = 0; i < index; i++) {
    if (current == null) {
        return null;
    }
    current = current.next;
}, for (int i = 0; i < projectEntries.size(); i++) {
    for (int j = 0; j < teamEntries.size(); j++) {
        if (projectEntries.get(i).equals(teamEntries.get(j))) {
            projectEntries.remove(projectEntries.get(i));
            teamEntries.remove(teamEntries.get(j));
            i = 0;
            j = -1;
        }
    }
}, for (int j = 0; j < teamEntries.size(); j++) {
    if (projectEntries.get(i).equals(teamEntries.get(j))) {
        projectEntries.remove(projectEntries.get(i));
        teamEntries.remove(teamEntries.get(j));
        i = 0;
        j = -1;
    }
}, for (int i = 0; i < (values.length - 1); i++) {
    if (values[i].length != values[i + 1].length) {
        throw new com.epam.training.student_viktor_tovarnykh.exceptions.main_task.MatrixException("Bad size of matrix");
    }
}, for (int r = 0; r < addMatrix.getRows(); r++) {
    for (int l = 0; l < addMatrix.getColumns(); l++) {
        addMatrix.set(r, l, this.get(r, l) + other.get(r, l));
    }
}, for (int l = 0; l < addMatrix.getColumns(); l++) {
    addMatrix.set(r, l, this.get(r, l) + other.get(r, l));
}, for (int r = 0; r < subtractMatrix.getRows(); r++) {
    for (int l = 0; l < subtractMatrix.getColumns(); l++) {
        subtractMatrix.set(r, l, this.get(r, l) - other.get(r, l));
    }
}, for (int l = 0; l < subtractMatrix.getColumns(); l++) {
    subtractMatrix.set(r, l, this.get(r, l) - other.get(r, l));
}, for (int i = 0; i < this.getRows(); i++) {
    for (int j = 0; j < other.getColumns(); j++) {
        for (int k = 0; k < other.getRows(); k++) {
            tempArray[i][j] += this.values[i][k] * other.get(k, j);
        }
    }
}, for (int j = 0; j < other.getColumns(); j++) {
    for (int k = 0; k < other.getRows(); k++) {
        tempArray[i][j] += this.values[i][k] * other.get(k, j);
    }
}, for (int k = 0; k < other.getRows(); k++) {
    tempArray[i][j] += this.values[i][k] * other.get(k, j);
}, for (int i = 0; i < deposits.length; i++) {
    if (deposits[i] == null) {
        deposits[i] = deposit;
        return true;
    }
}, for (int i = 0; i < deposits.length; i++) {
    if (deposits[i] != null) {
        if (deposits[i].income().compareTo(myIncome) > 0) {
            myIncome = deposits[i].income();
        }
    }
}, for (int i = 0; i < deposits.length; i++) {
    if (deposits[i] != null) {
        if (i == number) {
            result = deposits[i].income();
        }
    }
}, for (int i = 0; i < deposits.length; i++) {
    if (deposits[i] != null) {
        counter++;
    } else {
        break;
    }
}, for (int i = 0; i < tempArr.length; i++) {
    tempArr[i] = deposits[i];
}, for (int i = 0; i < (tempArr.length - 1); i++) {
    if (tempArr[i].totalIncome().compareTo(tempArr[i + 1].totalIncome()) == (-1)) {
        dep = tempArr[i];
        tempArr[i] = tempArr[i + 1];
        tempArr[i + 1] = dep;
        needIter = true;
    } else {
        continue;
    }
}, for (int i = 1; i <= period; i++) {
    if (i <= 6) {
        continue;
    } else {
        inc = inc.add(inc.multiply(java.math.BigDecimal.valueOf(0.15)));
    }
}, for (int i = 1; i <= period; i++) {
    p = i;
    percent = p * 0.01;
    inc = inc.add(inc.multiply(java.math.BigDecimal.valueOf(percent)));
}, for (int i = 1; i <= period; i++) {
    java.math.BigDecimal p = new java.math.BigDecimal("1.05");
    currentAmount = amount.multiply(p.pow(period));
}, for (int i = 0; i < deposits.length; i++) {
    if (deposits[i] == null) {
        deposits[i] = deposit;
        return true;
    }
}, for (int i = 0; i < deposits.length; i++) {
    if (deposits[i] != null) {
        if (deposits[i].income().compareTo(myIncome) > 0) {
            myIncome = deposits[i].income();
        }
    }
}, for (int i = 0; i < deposits.length; i++) {
    if (deposits[i] != null) {
        if (i == number) {
            result = deposits[i].income();
        }
    }
}, for (int i = 1; i <= period; i++) {
    if (i <= 6) {
        continue;
    } else {
        inc = inc.add(inc.multiply(java.math.BigDecimal.valueOf(0.15)));
    }
}, for (int i = 1; i <= period; i++) {
    p = i;
    percent = p * 0.01;
    inc = inc.add(inc.multiply(java.math.BigDecimal.valueOf(percent)));
}, for (int i = 0; i < n; i++) {
    sum += previousNumber;
    int nextNumber = previousNumber + currentNumber;
    previousNumber = currentNumber;
    currentNumber = nextNumber;
}, for (int j = 0; j < numberOfEmail; j++) {
    output[i++] = emails[j];
}, for (int j = 0; j < numberOfSocials; j++) {
    output[i++] = socialMedias[j];
}] ==> expected: <true> but was: <false>
	at com.epam.rd.autotasks.collections.map.ComplianceTest.testComplianceFori(ComplianceTest.java:173)
]]></failure>
  </testcase>
  <testcase name="testComplianceLambda" classname="com.epam.rd.autotasks.collections.map.ComplianceTest" time="0.014">
    <failure message="Lambdas are not allowed in this project but was: [(acc, digit) -&gt; (acc * 10) + digit] ==&gt; expected: &lt;true&gt; but was: &lt;false&gt;" type="org.opentest4j.AssertionFailedError"><![CDATA[org.opentest4j.AssertionFailedError: Lambdas are not allowed in this project but was: [(acc, digit) -> (acc * 10) + digit] ==> expected: <true> but was: <false>
	at com.epam.rd.autotasks.collections.map.ComplianceTest.testComplianceLambda(ComplianceTest.java:165)
]]></failure>
  </testcase>
  <testcase name="testNoMorePublicMethods" classname="com.epam.rd.autotasks.collections.map.ComplianceTest" time="0.029"/>
  <testcase name="testNoArrays" classname="com.epam.rd.autotasks.collections.map.ComplianceTest" time="0.055">
    <failure message="You must not use arrays but found: [int[] array = null, int[] array = new int[]{  }, int[] array = new int[]{ 4, 100, 3, 4 }, int[] array = new int[]{ 5, 50, 50, 4, 5 }, int[] array = new int[]{ 5, 350, 350, 4, 350 }, int[] array = new int[]{ 10, 10, 10, 10, 10 }, int[] row, int[][] matrix = null, int[][] matrix = new int[][]{  }, int[][] matrix = new int[][]{ new int[]{  } }, int[][] matrix = new int[][]{ new int[]{  }, new int[]{  } }, int[][] matrix = new int[][]{ new int[]{ 2, 3 }, new int[]{ 4, 5, 6 } }, int[][] matrix = new int[][]{ new int[]{ 2, 3 }, new int[]{ 4, 5 }, new int[]{  } }, int[][] matrix = new int[][]{ new int[]{ 2, 3 }, new int[]{ 4, 5 } }, int[][] matrix = new int[][]{ new int[]{ 2, 4, 3, 3 }, new int[]{ 5, 7, 8, 5 }, new int[]{ 2, 4, 3, 3 }, new int[]{ 5, 7, 8, 5 } }, int[][] matrix = new int[][]{ new int[]{ 2, 3 }, new int[]{ 4, 5 }, new int[]{ 6, 7 } }, int[][] matrix = new int[][]{ new int[]{ 2, 4, 3, 3 }, new int[]{ 5, 7, 8, 5 }, new int[]{ 2, 4, 3, 3 } }, int[] array = null, int[] array = new int[]{  }, int[] array = new int[]{ 10, 5, 3, 4 }, int[] array = new int[]{ 100, 2, 3, 4, 5 }, int[] array = new int[]{ 100, 2, 3, 45, 33, 8, 4, 54 }, int[] transformedArray = new int[array.length], int[] array = com.epam.training.student_viktor_tovarnykh.classes.main_task2.Main.getArray(), int[] array = new int[n], int[] array = com.epam.training.student_viktor_tovarnykh.classes.main_task3.Main.getArray(), int[] array = new int[n], int[] array = com.epam.training.student_viktor_tovarnykh.classes.main_task4.Main.getArray(), int[] array = new int[n], private final com.epam.training.student_viktor_tovarnykh.classes.main_task5.Rectangle[] rectangleArray;, int[] array = com.epam.training.student_viktor_tovarnykh.classes.main_task.Main.getArray(), int[] array = new int[n], private java.lang.Object[] elements;, java.lang.Object[] newArray = new java.lang.Object[newCapacity], java.lang.Object[] newArray = new java.lang.Object[newCapacity], java.lang.Object[] result = new java.lang.Object[size()], private final double[][] values;, double[][] tempArray = new double[this.getRows()][other.getColumns()], private com.epam.training.student_viktor_tovarnykh.interfaces.main_task2.Deposit[] deposits;, com.epam.training.student_viktor_tovarnykh.interfaces.main_task2.Deposit[] tempArr = new com.epam.training.student_viktor_tovarnykh.interfaces.main_task2.Deposit[counter], private final com.epam.training.student_viktor_tovarnykh.interfaces.main_task.Deposit[] deposits;, private final com.epam.training.student_viktor_tovarnykh.nestedclasses.main_task.Contact.Email[] emails = new com.epam.training.student_viktor_tovarnykh.nestedclasses.main_task.Contact.Email[3];, private final com.epam.training.student_viktor_tovarnykh.nestedclasses.main_task.Contact.Social[] socialMedias = new com.epam.training.student_viktor_tovarnykh.nestedclasses.main_task.Contact.Social[5];, com.epam.training.student_viktor_tovarnykh.nestedclasses.main_task.ContactInfo[] output = new com.epam.training.student_viktor_tovarnykh.nestedclasses.main_task.ContactInfo[length], private final com.epam.training.student_viktor_tovarnykh.oop.main_task.Employee[] employees;, java.lang.String[] words = new java.lang.String[]{ &quot; WordS    \t&quot;, &quot;words&quot;, &quot;w0rds&quot;, &quot;WOR  DS&quot; }, java.lang.String[] splitResult = com.epam.training.student_viktor_tovarnykh.strings.main_task.StringUtil.splitWords(text), java.lang.String[] expectedSplit = new java.lang.String[]{ &quot;first&quot;, &quot;second&quot;, &quot;third&quot; }, java.lang.String[] toJoin = new java.lang.String[]{ &quot;go&quot;, &quot;with&quot;, &quot;the&quot;, &quot;&quot;, &quot;FLOW&quot; }] ==&gt; expected: &lt;0&gt; but was: &lt;49&gt;" type="org.opentest4j.AssertionFailedError"><![CDATA[org.opentest4j.AssertionFailedError: You must not use arrays but found: [int[] array = null, int[] array = new int[]{  }, int[] array = new int[]{ 4, 100, 3, 4 }, int[] array = new int[]{ 5, 50, 50, 4, 5 }, int[] array = new int[]{ 5, 350, 350, 4, 350 }, int[] array = new int[]{ 10, 10, 10, 10, 10 }, int[] row, int[][] matrix = null, int[][] matrix = new int[][]{  }, int[][] matrix = new int[][]{ new int[]{  } }, int[][] matrix = new int[][]{ new int[]{  }, new int[]{  } }, int[][] matrix = new int[][]{ new int[]{ 2, 3 }, new int[]{ 4, 5, 6 } }, int[][] matrix = new int[][]{ new int[]{ 2, 3 }, new int[]{ 4, 5 }, new int[]{  } }, int[][] matrix = new int[][]{ new int[]{ 2, 3 }, new int[]{ 4, 5 } }, int[][] matrix = new int[][]{ new int[]{ 2, 4, 3, 3 }, new int[]{ 5, 7, 8, 5 }, new int[]{ 2, 4, 3, 3 }, new int[]{ 5, 7, 8, 5 } }, int[][] matrix = new int[][]{ new int[]{ 2, 3 }, new int[]{ 4, 5 }, new int[]{ 6, 7 } }, int[][] matrix = new int[][]{ new int[]{ 2, 4, 3, 3 }, new int[]{ 5, 7, 8, 5 }, new int[]{ 2, 4, 3, 3 } }, int[] array = null, int[] array = new int[]{  }, int[] array = new int[]{ 10, 5, 3, 4 }, int[] array = new int[]{ 100, 2, 3, 4, 5 }, int[] array = new int[]{ 100, 2, 3, 45, 33, 8, 4, 54 }, int[] transformedArray = new int[array.length], int[] array = com.epam.training.student_viktor_tovarnykh.classes.main_task2.Main.getArray(), int[] array = new int[n], int[] array = com.epam.training.student_viktor_tovarnykh.classes.main_task3.Main.getArray(), int[] array = new int[n], int[] array = com.epam.training.student_viktor_tovarnykh.classes.main_task4.Main.getArray(), int[] array = new int[n], private final com.epam.training.student_viktor_tovarnykh.classes.main_task5.Rectangle[] rectangleArray;, int[] array = com.epam.training.student_viktor_tovarnykh.classes.main_task.Main.getArray(), int[] array = new int[n], private java.lang.Object[] elements;, java.lang.Object[] newArray = new java.lang.Object[newCapacity], java.lang.Object[] newArray = new java.lang.Object[newCapacity], java.lang.Object[] result = new java.lang.Object[size()], private final double[][] values;, double[][] tempArray = new double[this.getRows()][other.getColumns()], private com.epam.training.student_viktor_tovarnykh.interfaces.main_task2.Deposit[] deposits;, com.epam.training.student_viktor_tovarnykh.interfaces.main_task2.Deposit[] tempArr = new com.epam.training.student_viktor_tovarnykh.interfaces.main_task2.Deposit[counter], private final com.epam.training.student_viktor_tovarnykh.interfaces.main_task.Deposit[] deposits;, private final com.epam.training.student_viktor_tovarnykh.nestedclasses.main_task.Contact.Email[] emails = new com.epam.training.student_viktor_tovarnykh.nestedclasses.main_task.Contact.Email[3];, private final com.epam.training.student_viktor_tovarnykh.nestedclasses.main_task.Contact.Social[] socialMedias = new com.epam.training.student_viktor_tovarnykh.nestedclasses.main_task.Contact.Social[5];, com.epam.training.student_viktor_tovarnykh.nestedclasses.main_task.ContactInfo[] output = new com.epam.training.student_viktor_tovarnykh.nestedclasses.main_task.ContactInfo[length], private final com.epam.training.student_viktor_tovarnykh.oop.main_task.Employee[] employees;, java.lang.String[] words = new java.lang.String[]{ " WordS    \t", "words", "w0rds", "WOR  DS" }, java.lang.String[] splitResult = com.epam.training.student_viktor_tovarnykh.strings.main_task.StringUtil.splitWords(text), java.lang.String[] expectedSplit = new java.lang.String[]{ "first", "second", "third" }, java.lang.String[] toJoin = new java.lang.String[]{ "go", "with", "the", "", "FLOW" }] ==> expected: <0> but was: <49>
	at com.epam.rd.autotasks.collections.map.ComplianceTest.testNoArrays(ComplianceTest.java:158)
]]></failure>
  </testcase>
  <testcase name="testNoMoreFieldsInImpl" classname="com.epam.rd.autotasks.collections.map.ComplianceTest" time="0.035"/>
</testsuite>