<?xml version="1.0" encoding="UTF-8"?>
<testsuite xmlns:xsi="http://www.w3.org/2001/XMLSchema-instance" xsi:noNamespaceSchemaLocation="https://maven.apache.org/surefire/maven-surefire-plugin/xsd/surefire-test-report.xsd" name="com.epam.training.student_Viktor_Tovarnykh.classes.main_task5.ArrayRectanglesTest" time="0.017" tests="8" errors="0" skipped="0" failures="0">
  <properties>
[...]
</properties>
  <testcase name="testNumberMaxArea{ArrayRectangles, int, int, int}[1]" classname="com.epam.training.student_Viktor_Tovarnykh.classes.main_task5.ArrayRectanglesTest" time="0.001"/>
  <testcase name="testNumberMaxArea{ArrayRectangles, int, int, int}[2]" classname="com.epam.training.student_Viktor_Tovarnykh.classes.main_task5.ArrayRectanglesTest" time="0.001"/>
  <testcase name="testNumberMaxArea{ArrayRectangles, int, int, int}[3]" classname="com.epam.training.student_Viktor_Tovarnykh.classes.main_task5.ArrayRectanglesTest" time="0"/>
  <testcase name="testNumberMaxArea{ArrayRectangles, int, int, int}[4]" classname="com.epam.training.student_Viktor_Tovarnykh.classes.main_task5.ArrayRectanglesTest" time="0.001"/>
  <testcase name="testNumberMaxArea{ArrayRectangles, int, int, int}[5]" classname="com.epam.training.student_Viktor_Tovarnykh.classes.main_task5.ArrayRectanglesTest" time="0"/>
  <testcase name="testConstructorShouldThrow" classname="com.epam.training.student_Viktor_Tovarnykh.classes.main_task5.ArrayRectanglesTest" time="0.001"/>
  <testcase name="testConstructorShouldCreate" classname="com.epam.training.student_Viktor_Tovarnykh.classes.main_task5.ArrayRectanglesTest" time="0.003"/>
  <testcase name="testAddRectangle" classname="com.epam.training.student_Viktor_Tovarnykh.classes.main_task5.ArrayRectanglesTest" time="0"/>
</testsuite>